# JRE version: Java(TM) SE Runtime Environment (8.0_131-b11) (build 1.8.0_131-b11)
# Java VM: Java HotSpot(TM) 64-Bit Server VM (25.131-b11 mixed mode bsd-amd64 compressed oops)
Heap:
 PSYoungGen      total 884224K, used 76500K [0x000000076ab00000, 0x00000007acc80000, 0x00000007c0000000)
  eden space 856576K, 5% used [0x000000076ab00000,0x000000076dab94b0,0x000000079ef80000)
  from space 27648K, 99% used [0x000000079ef80000,0x00000007a0a7be78,0x00000007a0a80000)
  to   space 32768K, 0% used [0x00000007aac80000,0x00000007aac80000,0x00000007acc80000)
 ParOldGen       total 222208K, used 35500K [0x00000006c0000000, 0x00000006cd900000, 0x000000076ab00000)
  object space 222208K, 15% used [0x00000006c0000000,0x00000006c22ab030,0x00000006cd900000)
 Metaspace       used 70816K, capacity 76251K, committed 76440K, reserved 1116160K
  class space    used 9445K, capacity 10592K, committed 10672K, reserved 1048576K
GC Heap History (10 events):
Event: 7.746 GC heap before
{Heap before GC invocations=10 (full 2):
 PSYoungGen      total 537088K, used 517120K [0x000000076ab00000, 0x0000000794480000, 0x00000007c0000000)
  eden space 517120K, 100% used [0x000000076ab00000,0x000000078a400000,0x000000078a400000)
  from space 19968K, 0% used [0x000000078a400000,0x000000078a400000,0x000000078b780000)
  to   space 18432K, 0% used [0x0000000793280000,0x0000000793280000,0x0000000794480000)
 ParOldGen       total 163328K, used 18241K [0x00000006c0000000, 0x00000006c9f80000, 0x000000076ab00000)
  object space 163328K, 11% used [0x00000006c0000000,0x00000006c11d0508,0x00000006c9f80000)
 Metaspace       used 51824K, capacity 55678K, committed 55984K, reserved 1097728K
  class space    used 7057K, capacity 7780K, committed 7856K, reserved 1048576K
Event: 7.767 GC heap after
Heap after GC invocations=10 (full 2):
 PSYoungGen      total 656896K, used 18412K [0x000000076ab00000, 0x000000079c700000, 0x00000007c0000000)
  eden space 638464K, 0% used [0x000000076ab00000,0x000000076ab00000,0x0000000791a80000)
  from space 18432K, 99% used [0x0000000793280000,0x000000079447b3d8,0x0000000794480000)
  to   space 24576K, 0% used [0x0000000791a80000,0x0000000791a80000,0x0000000793280000)
 ParOldGen       total 163328K, used 25977K [0x00000006c0000000, 0x00000006c9f80000, 0x000000076ab00000)
  object space 163328K, 15% used [0x00000006c0000000,0x00000006c195e610,0x00000006c9f80000)
 Metaspace       used 51824K, capacity 55678K, committed 55984K, reserved 1097728K
  class space    used 7057K, capacity 7780K, committed 7856K, reserved 1048576K
}
Event: 8.144 GC heap before
{Heap before GC invocations=11 (full 2):
 PSYoungGen      total 656896K, used 158991K [0x000000076ab00000, 0x000000079c700000, 0x00000007c0000000)
  eden space 638464K, 22% used [0x000000076ab00000,0x0000000773448ab0,0x0000000791a80000)
  from space 18432K, 99% used [0x0000000793280000,0x000000079447b3d8,0x0000000794480000)
  to   space 24576K, 0% used [0x0000000791a80000,0x0000000791a80000,0x0000000793280000)
 ParOldGen       total 163328K, used 25977K [0x00000006c0000000, 0x00000006c9f80000, 0x000000076ab00000)
  object space 163328K, 15% used [0x00000006c0000000,0x00000006c195e610,0x00000006c9f80000)
 Metaspace       used 55096K, capacity 59095K, committed 59160K, reserved 1099776K
  class space    used 7439K, capacity 8240K, committed 8240K, reserved 1048576K
Event: 8.163 GC heap after
Heap after GC invocations=11 (full 2):
 PSYoungGen      total 663040K, used 17311K [0x000000076ab00000, 0x00000007a2a80000, 0x00000007c0000000)
  eden space 638464K, 0% used [0x000000076ab00000,0x000000076ab00000,0x0000000791a80000)
  from space 24576K, 70% used [0x0000000791a80000,0x0000000792b67f18,0x0000000793280000)
  to   space 25600K, 0% used [0x00000007a1180000,0x00000007a1180000,0x00000007a2a80000)
 ParOldGen       total 163328K, used 25985K [0x00000006c0000000, 0x00000006c9f80000, 0x000000076ab00000)
  object space 163328K, 15% used [0x00000006c0000000,0x00000006c1960610,0x00000006c9f80000)
 Metaspace       used 55096K, capacity 59095K, committed 59160K, reserved 1099776K
  class space    used 7439K, capacity 8240K, committed 8240K, reserved 1048576K
}
Event: 8.163 GC heap before
{Heap before GC invocations=12 (full 3):
 PSYoungGen      total 663040K, used 17311K [0x000000076ab00000, 0x00000007a2a80000, 0x00000007c0000000)
  eden space 638464K, 0% used [0x000000076ab00000,0x000000076ab00000,0x0000000791a80000)
  from space 24576K, 70% used [0x0000000791a80000,0x0000000792b67f18,0x0000000793280000)
  to   space 25600K, 0% used [0x00000007a1180000,0x00000007a1180000,0x00000007a2a80000)
 ParOldGen       total 163328K, used 25985K [0x00000006c0000000, 0x00000006c9f80000, 0x000000076ab00000)
  object space 163328K, 15% used [0x00000006c0000000,0x00000006c1960610,0x00000006c9f80000)
 Metaspace       used 55096K, capacity 59095K, committed 59160K, reserved 1099776K
  class space    used 7439K, capacity 8240K, committed 8240K, reserved 1048576K
Event: 8.286 GC heap after
Heap after GC invocations=12 (full 3):
 PSYoungGen      total 663040K, used 0K [0x000000076ab00000, 0x00000007a2a80000, 0x00000007c0000000)
  eden space 638464K, 0% used [0x000000076ab00000,0x000000076ab00000,0x0000000791a80000)
  from space 24576K, 0% used [0x0000000791a80000,0x0000000791a80000,0x0000000793280000)
  to   space 25600K, 0% used [0x00000007a1180000,0x00000007a1180000,0x00000007a2a80000)
 ParOldGen       total 222208K, used 32203K [0x00000006c0000000, 0x00000006cd900000, 0x000000076ab00000)
  object space 222208K, 14% used [0x00000006c0000000,0x00000006c1f72dd8,0x00000006cd900000)
 Metaspace       used 55096K, capacity 59095K, committed 59160K, reserved 1099776K
  class space    used 7439K, capacity 8240K, committed 8240K, reserved 1048576K
}
Event: 10.754 GC heap before
{Heap before GC invocations=13 (full 3):
 PSYoungGen      total 663040K, used 638464K [0x000000076ab00000, 0x00000007a2a80000, 0x00000007c0000000)
  eden space 638464K, 100% used [0x000000076ab00000,0x0000000791a80000,0x0000000791a80000)
  from space 24576K, 0% used [0x0000000791a80000,0x0000000791a80000,0x0000000793280000)
  to   space 25600K, 0% used [0x00000007a1180000,0x00000007a1180000,0x00000007a2a80000)
 ParOldGen       total 222208K, used 32203K [0x00000006c0000000, 0x00000006cd900000, 0x000000076ab00000)
  object space 222208K, 14% used [0x00000006c0000000,0x00000006c1f72dd8,0x00000006cd900000)
 Metaspace       used 61476K, capacity 66401K, committed 66584K, reserved 1105920K
  class space    used 8182K, capacity 9206K, committed 9264K, reserved 1048576K
Event: 10.775 GC heap after
Heap after GC invocations=13 (full 3):
 PSYoungGen      total 834048K, used 20311K [0x000000076ab00000, 0x00000007a2580000, 0x00000007c0000000)
  eden space 813568K, 0% used [0x000000076ab00000,0x000000076ab00000,0x000000079c580000)
  from space 20480K, 99% used [0x00000007a1180000,0x00000007a2555c40,0x00000007a2580000)
  to   space 27648K, 0% used [0x000000079ef80000,0x000000079ef80000,0x00000007a0a80000)
 ParOldGen       total 222208K, used 32211K [0x00000006c0000000, 0x00000006cd900000, 0x000000076ab00000)
  object space 222208K, 14% used [0x00000006c0000000,0x00000006c1f74dd8,0x00000006cd900000)
 Metaspace       used 61476K, capacity 66401K, committed 66584K, reserved 1105920K
  class space    used 8182K, capacity 9206K, committed 9264K, reserved 1048576K
}
Event: 13.335 GC heap before
{Heap before GC invocations=14 (full 3):
 PSYoungGen      total 834048K, used 833879K [0x000000076ab00000, 0x00000007a2580000, 0x00000007c0000000)
  eden space 813568K, 100% used [0x000000076ab00000,0x000000079c580000,0x000000079c580000)
  from space 20480K, 99% used [0x00000007a1180000,0x00000007a2555c40,0x00000007a2580000)
  to   space 27648K, 0% used [0x000000079ef80000,0x000000079ef80000,0x00000007a0a80000)
 ParOldGen       total 222208K, used 32211K [0x00000006c0000000, 0x00000006cd900000, 0x000000076ab00000)
  object space 222208K, 14% used [0x00000006c0000000,0x00000006c1f74dd8,0x00000006cd900000)
 Metaspace       used 69913K, capacity 75359K, committed 75416K, reserved 1114112K
  class space    used 9291K, capacity 10386K, committed 10416K, reserved 1048576K
Event: 13.356 GC heap after
Heap after GC invocations=14 (full 3):
 PSYoungGen      total 884224K, used 27631K [0x000000076ab00000, 0x00000007acc80000, 0x00000007c0000000)
  eden space 856576K, 0% used [0x000000076ab00000,0x000000076ab00000,0x000000079ef80000)
  from space 27648K, 99% used [0x000000079ef80000,0x00000007a0a7be78,0x00000007a0a80000)
  to   space 32768K, 0% used [0x00000007aac80000,0x00000007aac80000,0x00000007acc80000)
 ParOldGen       total 222208K, used 35500K [0x00000006c0000000, 0x00000006cd900000, 0x000000076ab00000)
  object space 222208K, 15% used [0x00000006c0000000,0x00000006c22ab030,0x00000006cd900000)
 Metaspace       used 69913K, capacity 75359K, committed 75416K, reserved 1114112K
  class space    used 9291K, capacity 10386K, committed 10416K, reserved 1048576K
}

